build/app/intermediates/manifest_merge_blame_file/release/manifest-merger-blame-release-report.txt
1<?xml version="1.0" encoding="utf-8"?>
2<manifest xmlns:android="http://schemas.android.com/apk/res/android"
3    package="com.agstn.seni"
4    android:versionCode="1"
5    android:versionName="1.0.0" >
6
7    <uses-sdk
8        android:minSdkVersion="19"
8-->src/main/AndroidManifest.xml
9        android:targetSdkVersion="29" />
9-->src/main/AndroidManifest.xml
10
11    <uses-permission android:name="android.permission.INTERNET" />
11-->src/main/AndroidManifest.xml:3:5-67
11-->src/main/AndroidManifest.xml:3:22-64
12
13    <queries>
13-->[:flutter_inappwebview] AndroidManifest.xml:7:5-11:15
14        <intent>
14-->[:flutter_inappwebview] AndroidManifest.xml:8:9-10:18
15            <action android:name="android.support.customtabs.action.CustomTabsService" />
15-->[:flutter_inappwebview] AndroidManifest.xml:9:13-90
15-->[:flutter_inappwebview] AndroidManifest.xml:9:21-87
16        </intent>
17    </queries>
18    <!--
19 io.flutter.app.FlutterApplication is an android.app.Application that
20         calls FlutterMain.startInitialization(this); in its onCreate method.
21         In most cases you can leave this as-is, but you if you want to provide
22         additional functionality it is fine to subclass or reimplement
23         FlutterApplication and put your custom class here.
24    -->
25    <application
25-->src/main/AndroidManifest.xml:9:5-47:19
26        android:name="io.flutter.app.FlutterApplication"
26-->src/main/AndroidManifest.xml:10:9-57
27        android:appComponentFactory="androidx.core.app.CoreComponentFactory"
27-->[androidx.core:core:1.3.0] AndroidManifest.xml:24:18-86
28        android:icon="@mipmap/launcher_icon"
28-->src/main/AndroidManifest.xml:12:9-45
29        android:label="Seni Grafis" >
29-->src/main/AndroidManifest.xml:11:9-36
30        <activity
30-->src/main/AndroidManifest.xml:13:9-41:20
31            android:name="com.agstn.seni.MainActivity"
31-->src/main/AndroidManifest.xml:14:13-41
32            android:configChanges="orientation|keyboardHidden|keyboard|screenSize|smallestScreenSize|locale|layoutDirection|fontScale|screenLayout|density|uiMode"
32-->src/main/AndroidManifest.xml:17:13-163
33            android:hardwareAccelerated="true"
33-->src/main/AndroidManifest.xml:18:13-47
34            android:launchMode="singleTop"
34-->src/main/AndroidManifest.xml:15:13-43
35            android:theme="@style/LaunchTheme"
35-->src/main/AndroidManifest.xml:16:13-47
36            android:windowSoftInputMode="adjustResize" >
36-->src/main/AndroidManifest.xml:19:13-55
37
38            <!--
39                 Specifies an Android theme to apply to this Activity as soon as
40                 the Android process has started. This theme is visible to the user
41                 while the Flutter UI initializes. After that, this theme continues
42                 to determine the Window background behind the Flutter UI.
43            -->
44            <meta-data
44-->src/main/AndroidManifest.xml:24:13-27:17
45                android:name="io.flutter.embedding.android.NormalTheme"
45-->src/main/AndroidManifest.xml:25:15-70
46                android:resource="@style/NormalTheme" />
46-->src/main/AndroidManifest.xml:26:15-52
47            <!--
48                 Displays an Android View that continues showing the launch screen
49                 Drawable until Flutter paints its first frame, then this splash
50                 screen fades out. A splash screen is useful to avoid any visual
51                 gap between the end of Android's launch screen and the painting of
52                 Flutter's first frame.
53            -->
54            <meta-data
54-->src/main/AndroidManifest.xml:33:13-36:17
55                android:name="io.flutter.embedding.android.SplashScreenDrawable"
55-->src/main/AndroidManifest.xml:34:15-79
56                android:resource="@drawable/launch_background" />
56-->src/main/AndroidManifest.xml:35:15-61
57
58            <intent-filter>
58-->src/main/AndroidManifest.xml:37:13-40:29
59                <action android:name="android.intent.action.MAIN" />
59-->src/main/AndroidManifest.xml:38:17-68
59-->src/main/AndroidManifest.xml:38:25-66
60
61                <category android:name="android.intent.category.LAUNCHER" />
61-->src/main/AndroidManifest.xml:39:17-76
61-->src/main/AndroidManifest.xml:39:27-74
62            </intent-filter>
63        </activity>
64        <!--
65             Don't delete the meta-data below.
66             This is used by the Flutter tool to generate GeneratedPluginRegistrant.java
67        -->
68        <meta-data
68-->src/main/AndroidManifest.xml:44:9-46:33
69            android:name="flutterEmbedding"
69-->src/main/AndroidManifest.xml:45:13-44
70            android:value="2" />
70-->src/main/AndroidManifest.xml:46:13-30
71
72        <activity
72-->[:flutter_inappwebview] AndroidManifest.xml:14:9-17:47
73            android:name="com.pichillilorenzo.flutter_inappwebview.in_app_browser.InAppBrowserActivity"
73-->[:flutter_inappwebview] AndroidManifest.xml:15:13-104
74            android:configChanges="orientation|keyboardHidden|keyboard|screenSize|locale|layoutDirection|fontScale|screenLayout|density"
74-->[:flutter_inappwebview] AndroidManifest.xml:16:13-137
75            android:theme="@style/AppTheme" />
75-->[:flutter_inappwebview] AndroidManifest.xml:17:13-44
76        <activity
76-->[:flutter_inappwebview] AndroidManifest.xml:18:9-20:55
77            android:name="com.pichillilorenzo.flutter_inappwebview.chrome_custom_tabs.ChromeCustomTabsActivity"
77-->[:flutter_inappwebview] AndroidManifest.xml:19:13-112
78            android:theme="@style/ThemeTransparent" />
78-->[:flutter_inappwebview] AndroidManifest.xml:20:13-52
79
80        <receiver android:name="com.pichillilorenzo.flutter_inappwebview.chrome_custom_tabs.ActionBroadcastReceiver" />
80-->[:flutter_inappwebview] AndroidManifest.xml:22:9-120
80-->[:flutter_inappwebview] AndroidManifest.xml:22:19-117
81
82        <meta-data
82-->[:flutter_inappwebview] AndroidManifest.xml:24:9-26:36
83            android:name="io.flutter.embedded_views_preview"
83-->[:flutter_inappwebview] AndroidManifest.xml:25:13-61
84            android:value="true" />
84-->[:flutter_inappwebview] AndroidManifest.xml:26:13-33
85    </application>
86
87</manifest>